app/build/outputs/logs/manifest-merger-debug-report.txt
-- Merging decision tree log ---
manifest
ADDED from src\main\AndroidManifest.xml:17:1-51:12
	package
		ADDED from src\main\AndroidManifest.xml:18:11-35
		INJECTED from src\main\AndroidManifest.xml
		INJECTED from src\main\AndroidManifest.xml
	android:versionName
		ADDED from src\main\AndroidManifest.xml:20:11-36
		INJECTED from src\main\AndroidManifest.xml
		INJECTED from src\main\AndroidManifest.xml
	android:versionCode
		ADDED from src\main\AndroidManifest.xml:19:11-34
		INJECTED from src\main\AndroidManifest.xml
		INJECTED from src\main\AndroidManifest.xml
	xmlns:android
		ADDED from src\main\AndroidManifest.xml:17:11-69
uses-sdk
ADDED from src\main\AndroidManifest.xml:21:5-22:46
	android:targetSdkVersion
		ADDED from src\main\AndroidManifest.xml:22:15-44
		INJECTED from src\main\AndroidManifest.xml
		INJECTED from src\main\AndroidManifest.xml
	android:minSdkVersion
		ADDED from src\main\AndroidManifest.xml:21:15-41
		INJECTED from src\main\AndroidManifest.xml
		INJECTED from src\main\AndroidManifest.xml
uses-feature#android.hardware.bluetooth_le
ADDED from src\main\AndroidManifest.xml:27:5-89
	android:required
		ADDED from src\main\AndroidManifest.xml:27:64-87
	android:name
		ADDED from src\main\AndroidManifest.xml:27:19-63
uses-permission#android.permission.BLUETOOTH
ADDED from src\main\AndroidManifest.xml:29:5-67
	android:name
		ADDED from src\main\AndroidManifest.xml:29:22-65
uses-permission#android.permission.BLUETOOTH_ADMIN
ADDED from src\main\AndroidManifest.xml:30:5-73
	android:name
		ADDED from src\main\AndroidManifest.xml:30:22-71
application
ADDED from src\main\AndroidManifest.xml:32:5-50:19
	android:screenOrientation
		ADDED from src\main\AndroidManifest.xml:35:17-53
	android:label
		ADDED from src\main\AndroidManifest.xml:32:18-50
	android:configChanges
		ADDED from src\main\AndroidManifest.xml:34:9-44
	android:icon
		ADDED from src\main\AndroidManifest.xml:33:18-56
	android:theme
		ADDED from src\main\AndroidManifest.xml:36:18-65
activity#com.mesa.roots.DeviceScanActivity
ADDED from src\main\AndroidManifest.xml:37:9-45:20
	android:screenOrientation
		ADDED from src\main\AndroidManifest.xml:39:21-57
	android:label
		ADDED from src\main\AndroidManifest.xml:40:19-51
	android:configChanges
		ADDED from src\main\AndroidManifest.xml:38:21-56
	android:name
		ADDED from src\main\AndroidManifest.xml:37:19-53
intent-filter#android.intent.action.MAIN+android.intent.category.LAUNCHER
ADDED from src\main\AndroidManifest.xml:41:13-44:29
action#android.intent.action.MAIN
ADDED from src\main\AndroidManifest.xml:42:17-68
	android:name
		ADDED from src\main\AndroidManifest.xml:42:25-66
category#android.intent.category.LAUNCHER
ADDED from src\main\AndroidManifest.xml:43:17-76
	android:name
		ADDED from src\main\AndroidManifest.xml:43:27-74
activity#com.mesa.roots.DeviceControlActivity
ADDED from src\main\AndroidManifest.xml:46:9-48:59
	android:screenOrientation
		ADDED from src\main\AndroidManifest.xml:48:21-57
	android:configChanges
		ADDED from src\main\AndroidManifest.xml:47:21-56
	android:name
		ADDED from src\main\AndroidManifest.xml:46:19-56
service#com.mesa.roots.BluetoothLeService
ADDED from src\main\AndroidManifest.xml:49:9-77
	android:enabled
		ADDED from src\main\AndroidManifest.xml:49:53-75
	android:name
		ADDED from src\main\AndroidManifest.xml:49:18-52